<?xml version="1.0" encoding="UTF-8"?>
<testsuites name="jest tests" tests="2" failures="0" errors="0" time="1.317">
  <testsuite name="Integration Tests" errors="0" failures="0" skipped="0" timestamp="2025-06-03T04:42:10" time="1.14" tests="1">
    <testcase classname="Integration Tests should respond to health check" name="Integration Tests should respond to health check" time="0.015">
    </testcase>
  </testsuite>
  <testsuite name="API" errors="0" failures="0" skipped="0" timestamp="2025-06-03T04:42:11" time="0.04" tests="1">
    <testcase classname="API should return welcome message" name="API should return welcome message" time="0.001">
    </testcase>
  </testsuite>
</testsuites>